<?xml version="1.0" encoding="UTF-8"?>
<testng-results total="1" passed="1" failed="0" skipped="0">
  <reporter-output>
  </reporter-output>
  <suite started-at="2018-07-03T10:40:09Z" name="Default suite" finished-at="2018-07-03T10:40:15Z" duration-ms="6373">
    <groups>
    </groups>
    <test started-at="2018-07-03T10:40:09Z" name="Default test" finished-at="2018-07-03T10:40:15Z" duration-ms="6373">
      <class name="com.tyss.eventreport.BrokenLink">
        <test-method signature="test()[pri:0, instance:com.tyss.eventreport.BrokenLink@157853da]" started-at="2018-07-03T16:10:09Z" name="test" finished-at="2018-07-03T16:10:15Z" duration-ms="6353" status="PASS">
          <reporter-output>
          </reporter-output>
        </test-method> <!-- test -->
      </class> <!-- com.tyss.eventreport.BrokenLink -->
    </test> <!-- Default test -->
  </suite> <!-- Default suite -->
</testng-results>
